# JRE version: OpenJDK Runtime Environment (11.0.10) (build 11.0.10+0-b96-7249189)
# Java VM: OpenJDK 64-Bit Server VM (11.0.10+0-b96-7249189, mixed mode, tiered, compressed oops, g1 gc, windows-amd64)
Heap:
 garbage-first heap   total 363520K, used 148668K [0x0000000080000000, 0x0000000100000000)
  region size 1024K, 2 young (2048K), 2 survivors (2048K)
 Metaspace       used 101910K, capacity 104696K, committed 106368K, reserved 1140736K
  class space    used 13432K, capacity 14517K, committed 15232K, reserved 1048576K
GC Heap History (20 events):
Event: 39.626 GC heap after
{Heap after GC invocations=33 (full 0):
 garbage-first heap   total 157696K, used 121706K [0x0000000080000000, 0x0000000100000000)
  region size 1024K, 3 young (3072K), 3 survivors (3072K)
 Metaspace       used 101603K, capacity 104415K, committed 106112K, reserved 1140736K
  class space    used 13443K, capacity 14550K, committed 15232K, reserved 1048576K
}
Event: 39.722 GC heap before
{Heap before GC invocations=34 (full 0):
 garbage-first heap   total 157696K, used 129898K [0x0000000080000000, 0x0000000100000000)
  region size 1024K, 12 young (12288K), 3 survivors (3072K)
 Metaspace       used 101619K, capacity 104418K, committed 106112K, reserved 1140736K
  class space    used 13443K, capacity 14550K, committed 15232K, reserved 1048576K
}
Event: 39.732 GC heap after
{Heap after GC invocations=35 (full 0):
 garbage-first heap   total 157696K, used 127141K [0x0000000080000000, 0x0000000100000000)
  region size 1024K, 2 young (2048K), 2 survivors (2048K)
 Metaspace       used 101619K, capacity 104418K, committed 106112K, reserved 1140736K
  class space    used 13443K, capacity 14550K, committed 15232K, reserved 1048576K
}
Event: 39.772 GC heap before
{Heap before GC invocations=35 (full 0):
 garbage-first heap   total 157696K, used 132261K [0x0000000080000000, 0x0000000100000000)
  region size 1024K, 7 young (7168K), 2 survivors (2048K)
 Metaspace       used 101622K, capacity 104418K, committed 106112K, reserved 1140736K
  class space    used 13443K, capacity 14550K, committed 15232K, reserved 1048576K
}
Event: 39.780 GC heap after
{Heap after GC invocations=36 (full 0):
 garbage-first heap   total 157696K, used 125929K [0x0000000080000000, 0x0000000100000000)
  region size 1024K, 1 young (1024K), 1 survivors (1024K)
 Metaspace       used 101622K, capacity 104418K, committed 106112K, reserved 1140736K
  class space    used 13443K, capacity 14550K, committed 15232K, reserved 1048576K
}
Event: 39.841 GC heap before
{Heap before GC invocations=36 (full 0):
 garbage-first heap   total 157696K, used 132073K [0x0000000080000000, 0x0000000100000000)
  region size 1024K, 7 young (7168K), 1 survivors (1024K)
 Metaspace       used 101662K, capacity 104482K, committed 106112K, reserved 1140736K
  class space    used 13443K, capacity 14550K, committed 15232K, reserved 1048576K
}
Event: 39.852 GC heap after
{Heap after GC invocations=37 (full 0):
 garbage-first heap   total 157696K, used 129574K [0x0000000080000000, 0x0000000100000000)
  region size 1024K, 1 young (1024K), 1 survivors (1024K)
 Metaspace       used 101662K, capacity 104482K, committed 106112K, reserved 1140736K
  class space    used 13443K, capacity 14550K, committed 15232K, reserved 1048576K
}
Event: 39.919 GC heap before
{Heap before GC invocations=37 (full 0):
 garbage-first heap   total 157696K, used 135718K [0x0000000080000000, 0x0000000100000000)
  region size 1024K, 7 young (7168K), 1 survivors (1024K)
 Metaspace       used 101662K, capacity 104482K, committed 106112K, reserved 1140736K
  class space    used 13443K, capacity 14550K, committed 15232K, reserved 1048576K
}
Event: 39.926 GC heap after
{Heap after GC invocations=38 (full 0):
 garbage-first heap   total 157696K, used 133108K [0x0000000080000000, 0x0000000100000000)
  region size 1024K, 1 young (1024K), 1 survivors (1024K)
 Metaspace       used 101662K, capacity 104482K, committed 106112K, reserved 1140736K
  class space    used 13443K, capacity 14550K, committed 15232K, reserved 1048576K
}
Event: 40.003 GC heap before
{Heap before GC invocations=38 (full 0):
 garbage-first heap   total 157696K, used 138228K [0x0000000080000000, 0x0000000100000000)
  region size 1024K, 7 young (7168K), 1 survivors (1024K)
 Metaspace       used 101758K, capacity 104563K, committed 106368K, reserved 1140736K
  class space    used 13450K, capacity 14553K, committed 15232K, reserved 1048576K
}
Event: 40.010 GC heap after
{Heap after GC invocations=39 (full 0):
 garbage-first heap   total 157696K, used 136612K [0x0000000080000000, 0x0000000100000000)
  region size 1024K, 1 young (1024K), 1 survivors (1024K)
 Metaspace       used 101758K, capacity 104563K, committed 106368K, reserved 1140736K
  class space    used 13450K, capacity 14553K, committed 15232K, reserved 1048576K
}
Event: 40.129 GC heap before
{Heap before GC invocations=39 (full 0):
 garbage-first heap   total 157696K, used 142756K [0x0000000080000000, 0x0000000100000000)
  region size 1024K, 7 young (7168K), 1 survivors (1024K)
 Metaspace       used 101758K, capacity 104481K, committed 106368K, reserved 1140736K
  class space    used 13430K, capacity 14516K, committed 15232K, reserved 1048576K
}
Event: 40.140 GC heap after
{Heap after GC invocations=40 (full 0):
 garbage-first heap   total 189440K, used 138022K [0x0000000080000000, 0x0000000100000000)
  region size 1024K, 1 young (1024K), 1 survivors (1024K)
 Metaspace       used 101758K, capacity 104481K, committed 106368K, reserved 1140736K
  class space    used 13430K, capacity 14516K, committed 15232K, reserved 1048576K
}
Event: 40.376 GC heap before
{Heap before GC invocations=41 (full 0):
 garbage-first heap   total 189440K, used 149286K [0x0000000080000000, 0x0000000100000000)
  region size 1024K, 13 young (13312K), 1 survivors (1024K)
 Metaspace       used 101821K, capacity 104562K, committed 106368K, reserved 1140736K
  class space    used 13432K, capacity 14517K, committed 15232K, reserved 1048576K
}
Event: 40.389 GC heap after
{Heap after GC invocations=42 (full 0):
 garbage-first heap   total 189440K, used 140288K [0x0000000080000000, 0x0000000100000000)
  region size 1024K, 2 young (2048K), 2 survivors (2048K)
 Metaspace       used 101821K, capacity 104562K, committed 106368K, reserved 1140736K
  class space    used 13432K, capacity 14517K, committed 15232K, reserved 1048576K
}
Event: 40.498 GC heap before
{Heap before GC invocations=42 (full 0):
 garbage-first heap   total 189440K, used 147456K [0x0000000080000000, 0x0000000100000000)
  region size 1024K, 9 young (9216K), 2 survivors (2048K)
 Metaspace       used 101893K, capacity 104632K, committed 106368K, reserved 1140736K
  class space    used 13432K, capacity 14517K, committed 15232K, reserved 1048576K
}
Event: 40.509 GC heap after
{Heap after GC invocations=43 (full 0):
 garbage-first heap   total 189440K, used 142253K [0x0000000080000000, 0x0000000100000000)
  region size 1024K, 2 young (2048K), 2 survivors (2048K)
 Metaspace       used 101893K, capacity 104632K, committed 106368K, reserved 1140736K
  class space    used 13432K, capacity 14517K, committed 15232K, reserved 1048576K
}
Event: 40.672 GC heap before
{Heap before GC invocations=43 (full 0):
 garbage-first heap   total 189440K, used 152493K [0x0000000080000000, 0x0000000100000000)
  region size 1024K, 13 young (13312K), 2 survivors (2048K)
 Metaspace       used 101906K, capacity 104632K, committed 106368K, reserved 1140736K
  class space    used 13432K, capacity 14517K, committed 15232K, reserved 1048576K
}
Event: 40.685 GC heap after
{Heap after GC invocations=44 (full 0):
 garbage-first heap   total 189440K, used 145622K [0x0000000080000000, 0x0000000100000000)
  region size 1024K, 2 young (2048K), 2 survivors (2048K)
 Metaspace       used 101906K, capacity 104632K, committed 106368K, reserved 1140736K
  class space    used 13432K, capacity 14517K, committed 15232K, reserved 1048576K
}
Event: 40.881 GC heap before
{Heap before GC invocations=44 (full 0):
 garbage-first heap   total 189440K, used 155862K [0x0000000080000000, 0x0000000100000000)
  region size 1024K, 12 young (12288K), 2 survivors (2048K)
 Metaspace       used 101910K, capacity 104696K, committed 106368K, reserved 1140736K
  class space    used 13432K, capacity 14517K, committed 15232K, reserved 1048576K
}

