# JRE version: OpenJDK Runtime Environment (11.0.10) (build 11.0.10+0-b96-7249189)
# Java VM: OpenJDK 64-Bit Server VM (11.0.10+0-b96-7249189, mixed mode, tiered, compressed oops, g1 gc, windows-amd64)
Heap:
 garbage-first heap   total 235520K, used 151671K [0x0000000080000000, 0x0000000100000000)
  region size 1024K, 56 young (57344K), 2 survivors (2048K)
 Metaspace       used 117409K, capacity 120563K, committed 120652K, reserved 1165312K
  class space    used 14937K, capacity 16157K, committed 16204K, reserved 1048576K
GC Heap History (20 events):
Event: 1401.510 GC heap before
{Heap before GC invocations=41 (full 0):
 garbage-first heap   total 235520K, used 109778K [0x0000000080000000, 0x0000000100000000)
  region size 1024K, 11 young (11264K), 1 survivors (1024K)
 Metaspace       used 97950K, capacity 100522K, committed 100812K, reserved 1136640K
  class space    used 12709K, capacity 13664K, committed 13772K, reserved 1048576K
}
Event: 1401.519 GC heap after
{Heap after GC invocations=42 (full 0):
 garbage-first heap   total 235520K, used 101603K [0x0000000080000000, 0x0000000100000000)
  region size 1024K, 2 young (2048K), 2 survivors (2048K)
 Metaspace       used 97950K, capacity 100522K, committed 100812K, reserved 1136640K
  class space    used 12709K, capacity 13664K, committed 13772K, reserved 1048576K
}
Event: 1401.549 GC heap before
{Heap before GC invocations=42 (full 0):
 garbage-first heap   total 235520K, used 102627K [0x0000000080000000, 0x0000000100000000)
  region size 1024K, 4 young (4096K), 2 survivors (2048K)
 Metaspace       used 97950K, capacity 100522K, committed 100812K, reserved 1136640K
  class space    used 12709K, capacity 13664K, committed 13772K, reserved 1048576K
}
Event: 1401.556 GC heap after
{Heap after GC invocations=43 (full 0):
 garbage-first heap   total 235520K, used 102724K [0x0000000080000000, 0x0000000100000000)
  region size 1024K, 4 young (4096K), 4 survivors (4096K)
 Metaspace       used 97950K, capacity 100522K, committed 100812K, reserved 1136640K
  class space    used 12709K, capacity 13664K, committed 13772K, reserved 1048576K
}
Event: 1402.512 GC heap before
{Heap before GC invocations=44 (full 0):
 garbage-first heap   total 235520K, used 164164K [0x0000000080000000, 0x0000000100000000)
  region size 1024K, 50 young (51200K), 4 survivors (4096K)
 Metaspace       used 101026K, capacity 103666K, committed 103884K, reserved 1138688K
  class space    used 12946K, capacity 13902K, committed 14028K, reserved 1048576K
}
Event: 1402.524 GC heap after
{Heap after GC invocations=45 (full 0):
 garbage-first heap   total 235520K, used 106802K [0x0000000080000000, 0x0000000100000000)
  region size 1024K, 7 young (7168K), 7 survivors (7168K)
 Metaspace       used 101026K, capacity 103666K, committed 103884K, reserved 1138688K
  class space    used 12946K, capacity 13902K, committed 14028K, reserved 1048576K
}
Event: 1402.646 GC heap before
{Heap before GC invocations=45 (full 0):
 garbage-first heap   total 235520K, used 109874K [0x0000000080000000, 0x0000000100000000)
  region size 1024K, 11 young (11264K), 7 survivors (7168K)
 Metaspace       used 101870K, capacity 104498K, committed 104652K, reserved 1140736K
  class space    used 13007K, capacity 13966K, committed 14028K, reserved 1048576K
}
Event: 1402.659 GC heap after
{Heap after GC invocations=46 (full 0):
 garbage-first heap   total 235520K, used 106640K [0x0000000080000000, 0x0000000100000000)
  region size 1024K, 2 young (2048K), 2 survivors (2048K)
 Metaspace       used 101870K, capacity 104498K, committed 104652K, reserved 1140736K
  class space    used 13007K, capacity 13966K, committed 14028K, reserved 1048576K
}
Event: 1417.711 GC heap before
{Heap before GC invocations=46 (full 0):
 garbage-first heap   total 235520K, used 156816K [0x0000000080000000, 0x0000000100000000)
  region size 1024K, 52 young (53248K), 2 survivors (2048K)
 Metaspace       used 104040K, capacity 106629K, committed 106956K, reserved 1142784K
  class space    used 13205K, capacity 14182K, committed 14284K, reserved 1048576K
}
Event: 1417.730 GC heap after
{Heap after GC invocations=47 (full 0):
 garbage-first heap   total 235520K, used 114825K [0x0000000080000000, 0x0000000100000000)
  region size 1024K, 7 young (7168K), 7 survivors (7168K)
 Metaspace       used 104040K, capacity 106629K, committed 106956K, reserved 1142784K
  class space    used 13205K, capacity 14182K, committed 14284K, reserved 1048576K
}
Event: 1418.417 GC heap before
{Heap before GC invocations=48 (full 0):
 garbage-first heap   total 235520K, used 155785K [0x0000000080000000, 0x0000000100000000)
  region size 1024K, 56 young (57344K), 7 survivors (7168K)
 Metaspace       used 105260K, capacity 107970K, committed 108108K, reserved 1142784K
  class space    used 13338K, capacity 14309K, committed 14412K, reserved 1048576K
}
Event: 1418.425 GC heap after
{Heap after GC invocations=49 (full 0):
 garbage-first heap   total 235520K, used 105456K [0x0000000080000000, 0x0000000100000000)
  region size 1024K, 4 young (4096K), 4 survivors (4096K)
 Metaspace       used 105260K, capacity 107970K, committed 108108K, reserved 1142784K
  class space    used 13338K, capacity 14309K, committed 14412K, reserved 1048576K
}
Event: 1418.628 GC heap before
{Heap before GC invocations=49 (full 0):
 garbage-first heap   total 235520K, used 111600K [0x0000000080000000, 0x0000000100000000)
  region size 1024K, 11 young (11264K), 4 survivors (4096K)
 Metaspace       used 105910K, capacity 108558K, committed 108748K, reserved 1142784K
  class space    used 13425K, capacity 14420K, committed 14540K, reserved 1048576K
}
Event: 1418.641 GC heap after
{Heap after GC invocations=50 (full 0):
 garbage-first heap   total 235520K, used 92157K [0x0000000080000000, 0x0000000100000000)
  region size 1024K, 1 young (1024K), 1 survivors (1024K)
 Metaspace       used 105910K, capacity 108558K, committed 108748K, reserved 1142784K
  class space    used 13425K, capacity 14420K, committed 14540K, reserved 1048576K
}
Event: 1419.245 GC heap before
{Heap before GC invocations=50 (full 0):
 garbage-first heap   total 235520K, used 113661K [0x0000000080000000, 0x0000000100000000)
  region size 1024K, 24 young (24576K), 1 survivors (1024K)
 Metaspace       used 111390K, capacity 114073K, committed 114252K, reserved 1148928K
  class space    used 14122K, capacity 15129K, committed 15180K, reserved 1048576K
}
Event: 1419.253 GC heap after
{Heap after GC invocations=51 (full 0):
 garbage-first heap   total 235520K, used 93169K [0x0000000080000000, 0x0000000100000000)
  region size 1024K, 2 young (2048K), 2 survivors (2048K)
 Metaspace       used 111390K, capacity 114073K, committed 114252K, reserved 1148928K
  class space    used 14122K, capacity 15129K, committed 15180K, reserved 1048576K
}
Event: 1420.799 GC heap before
{Heap before GC invocations=52 (full 0):
 garbage-first heap   total 235520K, used 163825K [0x0000000080000000, 0x0000000100000000)
  region size 1024K, 66 young (67584K), 2 survivors (2048K)
 Metaspace       used 113931K, capacity 116738K, committed 116812K, reserved 1150976K
  class space    used 14388K, capacity 15422K, committed 15436K, reserved 1048576K
}
Event: 1420.806 GC heap after
{Heap after GC invocations=53 (full 0):
 garbage-first heap   total 235520K, used 98627K [0x0000000080000000, 0x0000000100000000)
  region size 1024K, 6 young (6144K), 6 survivors (6144K)
 Metaspace       used 113931K, capacity 116738K, committed 116812K, reserved 1150976K
  class space    used 14388K, capacity 15422K, committed 15436K, reserved 1048576K
}
Event: 1420.867 GC heap before
{Heap before GC invocations=53 (full 0):
 garbage-first heap   total 235520K, used 102723K [0x0000000080000000, 0x0000000100000000)
  region size 1024K, 11 young (11264K), 6 survivors (6144K)
 Metaspace       used 114240K, capacity 117068K, committed 117196K, reserved 1150976K
  class space    used 14432K, capacity 15491K, committed 15564K, reserved 1048576K
}
Event: 1420.875 GC heap after
{Heap after GC invocations=54 (full 0):
 garbage-first heap   total 235520K, used 97399K [0x0000000080000000, 0x0000000100000000)
  region size 1024K, 2 young (2048K), 2 survivors (2048K)
 Metaspace       used 114240K, capacity 117068K, committed 117196K, reserved 1150976K
  class space    used 14432K, capacity 15491K, committed 15564K, reserved 1048576K
}

